<?xml version="1.0" encoding="UTF-8"?>
<!-- Generated by org.testng.reporters.JUnitXMLReporter -->
<testsuite ignored="1" hostname="DESKTOP-L156P0I" failures="0" tests="19" name="Test" time="43.636" errors="0" timestamp="2023-10-28T04:21:21 IST">
  <testcase classname="TestNgPrograms.DropDown" name="scrolldown" time="14.813"/>
  <testcase classname="TestNgPrograms.Enable" name="Mango" time="0.016"/>
  <testcase classname="TestNgPrograms.Enable" name="pineapple" time="0.0"/>
  <testcase classname="TestNgPrograms.Priority" name="startbrowser" time="0.015"/>
  <testcase classname="TestNgPrograms.Priority" name="LaunchURL" time="0.0"/>
  <testcase classname="TestNgPrograms.Priority" name="Closebrowser" time="0.0"/>
  <testcase classname="TestNgPrograms.AfterBeforeLoad" name="scrolldown" time="3.777"/>
  <testcase classname="TestNgPrograms.TP_ByNumber" name="Amruta" time="0.004"/>
  <testcase classname="TestNgPrograms.TP_ByNumber" name="Suyash" time="0.004"/>
  <testcase classname="TestNgPrograms.TP_ByNumber" name="Manish" time="0.004"/>
  <testcase classname="TestNgPrograms.BeforeAfter" name="N" time="0.004"/>
  <testcase classname="TestNgPrograms.HandlingWindow" name="open" time="17.375"/>
  <testcase classname="TestNgPrograms.TestPriority" name="Manish" time="0.0"/>
  <testcase classname="TestNgPrograms.TestPriority" name="Suyash" time="0.0"/>
  <testcase classname="TestNgPrograms.TestPriority" name="Vivek" time="0.015"/>
  <testcase classname="TestNgPrograms.TP_Byletter" name="Ship" time="0.0"/>
  <testcase classname="TestNgPrograms.TP_Byletter" name="Bus" time="0.0"/>
  <testcase classname="TestNgPrograms.TP_Byletter" name="aeroplane" time="0.0"/>
  <testcase classname="TestNgPrograms.M" name="name" time="0.0"/>
  <testcase classname="TestNgPrograms.Enable" name="Watermalon" time="0.0">
    <ignored/>
  </testcase> <!-- Watermalon -->
</testsuite> <!-- Test -->
