<?xml version="1.0" encoding="UTF-8"?>
<testng-results ignored="1" total="20" passed="19" failed="0" skipped="0">
  <reporter-output>
  </reporter-output>
  <suite started-at="2023-10-28T04:20:37 IST" name="Suite" finished-at="2023-10-28T04:21:21 IST" duration-ms="43636">
    <groups>
    </groups>
    <test started-at="2023-10-28T04:20:37 IST" name="Test" finished-at="2023-10-28T04:21:21 IST" duration-ms="43636">
      <class name="TestNgPrograms.BeforeAfter">
        <test-method is-config="true" signature="M()[pri:0, instance:TestNgPrograms.BeforeAfter@79924b]" started-at="2023-10-28T04:21:03 IST" name="M" finished-at="2023-10-28T04:21:03 IST" duration-ms="1" status="PASS">
          <reporter-output>
          </reporter-output>
        </test-method> <!-- M -->
        <test-method signature="N()[pri:0, instance:TestNgPrograms.BeforeAfter@79924b]" started-at="2023-10-28T04:21:03 IST" name="N" finished-at="2023-10-28T04:21:03 IST" duration-ms="4" status="PASS">
          <reporter-output>
          </reporter-output>
        </test-method> <!-- N -->
        <test-method is-config="true" signature="S()[pri:0, instance:TestNgPrograms.BeforeAfter@79924b]" started-at="2023-10-28T04:21:03 IST" name="S" finished-at="2023-10-28T04:21:03 IST" duration-ms="1" status="PASS">
          <reporter-output>
          </reporter-output>
        </test-method> <!-- S -->
      </class> <!-- TestNgPrograms.BeforeAfter -->
      <class name="TestNgPrograms.TP_ByNumber">
        <test-method signature="Amruta()[pri:11, instance:TestNgPrograms.TP_ByNumber@4fb0f2b9]" started-at="2023-10-28T04:21:03 IST" name="Amruta" finished-at="2023-10-28T04:21:03 IST" duration-ms="4" status="PASS">
          <reporter-output>
          </reporter-output>
        </test-method> <!-- Amruta -->
        <test-method signature="Suyash()[pri:55, instance:TestNgPrograms.TP_ByNumber@4fb0f2b9]" started-at="2023-10-28T04:21:03 IST" name="Suyash" finished-at="2023-10-28T04:21:03 IST" duration-ms="4" status="PASS">
          <reporter-output>
          </reporter-output>
        </test-method> <!-- Suyash -->
        <test-method signature="Manish()[pri:93, instance:TestNgPrograms.TP_ByNumber@4fb0f2b9]" started-at="2023-10-28T04:21:03 IST" name="Manish" finished-at="2023-10-28T04:21:03 IST" duration-ms="4" status="PASS">
          <reporter-output>
          </reporter-output>
        </test-method> <!-- Manish -->
      </class> <!-- TestNgPrograms.TP_ByNumber -->
      <class name="TestNgPrograms.DropDown">
        <test-method signature="scrolldown()[pri:0, instance:TestNgPrograms.DropDown@5119fb47]" started-at="2023-10-28T04:20:37 IST" name="scrolldown" finished-at="2023-10-28T04:20:52 IST" duration-ms="14813" status="PASS">
          <reporter-output>
          </reporter-output>
        </test-method> <!-- scrolldown -->
      </class> <!-- TestNgPrograms.DropDown -->
      <class name="TestNgPrograms.AfterBeforeLoad">
        <test-method is-config="true" signature="launchURL()[pri:0, instance:TestNgPrograms.AfterBeforeLoad@61862a7f]" started-at="2023-10-28T04:20:52 IST" name="launchURL" finished-at="2023-10-28T04:20:59 IST" duration-ms="7120" status="PASS">
          <reporter-output>
          </reporter-output>
        </test-method> <!-- launchURL -->
        <test-method signature="scrolldown()[pri:0, instance:TestNgPrograms.AfterBeforeLoad@61862a7f]" started-at="2023-10-28T04:20:59 IST" name="scrolldown" finished-at="2023-10-28T04:21:03 IST" duration-ms="3777" status="PASS">
          <reporter-output>
          </reporter-output>
        </test-method> <!-- scrolldown -->
        <test-method is-config="true" signature="closebrowser()[pri:0, instance:TestNgPrograms.AfterBeforeLoad@61862a7f]" started-at="2023-10-28T04:21:03 IST" name="closebrowser" finished-at="2023-10-28T04:21:03 IST" duration-ms="290" status="PASS">
          <reporter-output>
          </reporter-output>
        </test-method> <!-- closebrowser -->
      </class> <!-- TestNgPrograms.AfterBeforeLoad -->
      <class name="TestNgPrograms.Priority">
        <test-method signature="startbrowser()[pri:1, instance:TestNgPrograms.Priority@795cd85e]" started-at="2023-10-28T04:20:52 IST" name="startbrowser" finished-at="2023-10-28T04:20:52 IST" duration-ms="15" status="PASS">
          <reporter-output>
          </reporter-output>
        </test-method> <!-- startbrowser -->
        <test-method signature="Closebrowser()[pri:3, instance:TestNgPrograms.Priority@795cd85e]" started-at="2023-10-28T04:20:52 IST" name="Closebrowser" finished-at="2023-10-28T04:20:52 IST" duration-ms="0" status="PASS">
          <reporter-output>
          </reporter-output>
        </test-method> <!-- Closebrowser -->
        <test-method signature="LaunchURL()[pri:2, instance:TestNgPrograms.Priority@795cd85e]" started-at="2023-10-28T04:20:52 IST" name="LaunchURL" finished-at="2023-10-28T04:20:52 IST" duration-ms="0" status="PASS">
          <reporter-output>
          </reporter-output>
        </test-method> <!-- LaunchURL -->
      </class> <!-- TestNgPrograms.Priority -->
      <class name="TestNgPrograms.Enable">
        <test-method signature="Mango()[pri:0, instance:TestNgPrograms.Enable@402bba4f]" started-at="2023-10-28T04:20:52 IST" name="Mango" finished-at="2023-10-28T04:20:52 IST" duration-ms="16" status="PASS">
          <reporter-output>
          </reporter-output>
        </test-method> <!-- Mango -->
        <test-method signature="pineapple()[pri:0, instance:TestNgPrograms.Enable@402bba4f]" started-at="2023-10-28T04:20:52 IST" name="pineapple" finished-at="2023-10-28T04:20:52 IST" duration-ms="0" status="PASS">
          <reporter-output>
          </reporter-output>
        </test-method> <!-- pineapple -->
      </class> <!-- TestNgPrograms.Enable -->
      <class name="TestNgPrograms.HandlingWindow">
        <test-method signature="open()[pri:0, instance:TestNgPrograms.HandlingWindow@7b9a4292]" started-at="2023-10-28T04:21:03 IST" name="open" finished-at="2023-10-28T04:21:21 IST" duration-ms="17375" status="PASS">
          <reporter-output>
          </reporter-output>
        </test-method> <!-- open -->
      </class> <!-- TestNgPrograms.HandlingWindow -->
      <class name="TestNgPrograms.TP_Byletter">
        <test-method signature="Ship()[pri:68, instance:TestNgPrograms.TP_Byletter@4cc451f2]" started-at="2023-10-28T04:21:21 IST" name="Ship" finished-at="2023-10-28T04:21:21 IST" duration-ms="0" status="PASS">
          <reporter-output>
          </reporter-output>
        </test-method> <!-- Ship -->
        <test-method signature="Bus()[pri:99, instance:TestNgPrograms.TP_Byletter@4cc451f2]" started-at="2023-10-28T04:21:21 IST" name="Bus" finished-at="2023-10-28T04:21:21 IST" duration-ms="0" status="PASS">
          <reporter-output>
          </reporter-output>
        </test-method> <!-- Bus -->
        <test-method signature="aeroplane()[pri:120, instance:TestNgPrograms.TP_Byletter@4cc451f2]" started-at="2023-10-28T04:21:21 IST" name="aeroplane" finished-at="2023-10-28T04:21:21 IST" duration-ms="0" status="PASS">
          <reporter-output>
          </reporter-output>
        </test-method> <!-- aeroplane -->
      </class> <!-- TestNgPrograms.TP_Byletter -->
      <class name="TestNgPrograms.TestPriority">
        <test-method signature="Suyash()[pri:0, instance:TestNgPrograms.TestPriority@4a94ee4]" started-at="2023-10-28T04:21:21 IST" name="Suyash" finished-at="2023-10-28T04:21:21 IST" duration-ms="0" status="PASS">
          <reporter-output>
          </reporter-output>
        </test-method> <!-- Suyash -->
        <test-method signature="Manish()[pri:0, instance:TestNgPrograms.TestPriority@4a94ee4]" started-at="2023-10-28T04:21:21 IST" name="Manish" finished-at="2023-10-28T04:21:21 IST" duration-ms="0" status="PASS">
          <reporter-output>
          </reporter-output>
        </test-method> <!-- Manish -->
        <test-method signature="Vivek()[pri:0, instance:TestNgPrograms.TestPriority@4a94ee4]" started-at="2023-10-28T04:21:21 IST" name="Vivek" finished-at="2023-10-28T04:21:21 IST" duration-ms="15" status="PASS">
          <reporter-output>
          </reporter-output>
        </test-method> <!-- Vivek -->
      </class> <!-- TestNgPrograms.TestPriority -->
      <class name="TestNgPrograms.M">
        <test-method signature="name()[pri:0, instance:TestNgPrograms.M@6379eb]" started-at="2023-10-28T04:21:21 IST" name="name" finished-at="2023-10-28T04:21:21 IST" duration-ms="0" status="PASS">
          <reporter-output>
          </reporter-output>
        </test-method> <!-- name -->
        <test-method is-config="true" signature="BC()[pri:0, instance:TestNgPrograms.M@6379eb]" started-at="2023-10-28T04:21:21 IST" name="BC" finished-at="2023-10-28T04:21:21 IST" duration-ms="0" status="PASS">
          <reporter-output>
          </reporter-output>
        </test-method> <!-- BC -->
        <test-method is-config="true" signature="AC()[pri:0, instance:TestNgPrograms.M@6379eb]" started-at="2023-10-28T04:21:21 IST" name="AC" finished-at="2023-10-28T04:21:21 IST" duration-ms="0" status="PASS">
          <reporter-output>
          </reporter-output>
        </test-method> <!-- AC -->
      </class> <!-- TestNgPrograms.M -->
    </test> <!-- Test -->
  </suite> <!-- Suite -->
</testng-results>
